#
# There is insufficient memory for the Java Runtime Environment to continue.
# Native memory allocation (malloc) failed to allocate 624976 bytes for Chunk::new
# Possible reasons:
#   The system is out of physical RAM or swap space
#   The process is running with CompressedOops enabled, and the Java Heap may be blocking the growth of the native heap
# Possible solutions:
#   Reduce memory load on the system
#   Increase physical memory or swap space
#   Check if swap backing store is full
#   Decrease Java heap size (-Xmx/-Xms)
#   Decrease number of Java threads
#   Decrease Java thread stack sizes (-Xss)
#   Set larger code cache with -XX:ReservedCodeCacheSize=
#   JVM is running with Unscaled Compressed Oops mode in which the Java heap is
#     placed in the first 4GB address space. The Java Heap base address is the
#     maximum limit for the native heap growth. Please use -XX:HeapBaseMinAddress
#     to set the Java Heap base and to place the Java Heap above 4GB virtual address.
# This output file may be truncated or incomplete.
#
#  Out of Memory Error (t:/workspace/hotspot/src/share/vm/memory/allocation.cpp:372), pid=5928, tid=1676
#
# JRE version: Java(TM) SE Runtime Environment (9.0+11) (build 9.0.1+11)
# Java VM: Java HotSpot(TM) 64-Bit Server VM (9.0.1+11, mixed mode, tiered, compressed oops, g1 gc, windows-amd64)
# No core dump will be written. Minidumps are not enabled by default on client versions of Windows
#

---------------  S U M M A R Y ------------

Command Line: --add-modules=ALL-SYSTEM --add-opens=java.base/java.util=ALL-UNNAMED --add-opens=java.base/java.lang=ALL-UNNAMED -Declipse.application=org.eclipse.jdt.ls.core.id1 -Dosgi.bundles.defaultStartLevel=4 -Declipse.product=org.eclipse.jdt.ls.core.product -Dfile.encoding=utf8 -DwatchParentProcess=false -Xverify:none -Xmx1G -XX:+UseG1GC -XX:+UseStringDeduplication C:\Users\Alya Isti Safira\.vscode\extensions\redhat.java-0.45.0\server\plugins\org.eclipse.equinox.launcher_1.5.400.v20190514-1658.jar -configuration C:\Users\Alya Isti Safira\.vscode\extensions\redhat.java-0.45.0\server\config_win -data c:\Users\Alya Isti Safira\AppData\Roaming\Code\User\workspaceStorage\f3e2dfb50de10191ed6fd80b42cb278c\redhat.java\jdt_ws

Host: Intel(R) Core(TM) i5-7200U CPU @ 2.50GHz, 4 cores, 7G,  Windows 10 , 64 bit Build 17134 (10.0.17134.753)
Time: Mon May 27 15:11:28 2019 SE Asia Standard Time elapsed time: 0 seconds (0d 0h 0m 0s)

---------------  T H R E A D  ---------------

Current thread (0x0000022473242800):  JavaThread "C2 CompilerThread0" daemon [_thread_in_native, id=1676, stack(0x0000008ba0000000,0x0000008ba0100000)]


Current CompileTask:
C2:    694  632   !   4       java.util.jar.Attributes::read (380 bytes)

Stack: [0x0000008ba0000000,0x0000008ba0100000]
Native frames: (J=compiled Java code, j=interpreted, Vv=VM code, C=native code)
V  [jvm.dll+0x5870b8]
V  [jvm.dll+0x69c0ee]
V  [jvm.dll+0x69d00a]
V  [jvm.dll+0x69d643]
V  [jvm.dll+0x21d148]
V  [IMM32.DLL+0xa7c6c]
V  [jvm.dll+0xa85ac]
V  [PSAPI.DLL+0x320eac]
V  [bcryptPrimitives.dll+0x2e78ca]
V  [jvm.dll+0x2e6e5a]
V  [jvm.dll+0x1e99c1]
V  [jvm.dll+0x1e8c66]
V  [jvm.dll+0x1691bb]
V  [jvm.dll+0x1f64f0]
V  [jvm.dll+0x1f5176]
V  [jvm.dll+0x66b2df]
V  [jvm.dll+0x5864e0]
C  [msvcr120.dll+0x24f7f]
C  [msvcr120.dll+0x25126]
C  [KERNEL32.DLL+0x14034]
C  [ntdll.dll+0x73691]


---------------  P R O C E S S  ---------------

Java Threads: ( => current thread )
  0x000002247366a800 JavaThread "Service Thread" daemon [_thread_blocked, id=4420, stack(0x0000008ba0500000,0x0000008ba0600000)]
  0x00000224732eb800 JavaThread "Common-Cleaner" daemon [_thread_blocked, id=16484, stack(0x0000008ba0400000,0x0000008ba0500000)]
  0x0000022473258800 JavaThread "Sweeper thread" daemon [_thread_blocked, id=12032, stack(0x0000008ba0300000,0x0000008ba0400000)]
  0x0000022473247800 JavaThread "C1 CompilerThread2" daemon [_thread_in_native, id=8156, stack(0x0000008ba0200000,0x0000008ba0300000)]
  0x0000022473243000 JavaThread "C2 CompilerThread1" daemon [_thread_in_native, id=16756, stack(0x0000008ba0100000,0x0000008ba0200000)]
=>0x0000022473242800 JavaThread "C2 CompilerThread0" daemon [_thread_in_native, id=1676, stack(0x0000008ba0000000,0x0000008ba0100000)]
  0x000002247323d800 JavaThread "Attach Listener" daemon [_thread_blocked, id=13768, stack(0x0000008b9ff00000,0x0000008ba0000000)]
  0x000002247323c800 JavaThread "Signal Dispatcher" daemon [_thread_blocked, id=7968, stack(0x0000008b9fe00000,0x0000008b9ff00000)]
  0x0000022473222800 JavaThread "Finalizer" daemon [_thread_blocked, id=668, stack(0x0000008b9fd00000,0x0000008b9fe00000)]
  0x00000224731e0000 JavaThread "Reference Handler" daemon [_thread_blocked, id=7824, stack(0x0000008b9fc00000,0x0000008b9fd00000)]
  0x00000224525b2800 JavaThread "main" [_thread_in_Java, id=2392, stack(0x0000008b9ee00000,0x0000008b9ef00000)]

Other Threads:
  0x00000224731db000 VMThread "VM Thread" [stack: 0x0000008b9fb00000,0x0000008b9fc00000] [id=15656]
  0x00000224736ba800 WatcherThread [stack: 0x0000008ba0600000,0x0000008ba0700000] [id=12392]
  0x00000224525ca000 GCTaskThread "GC Thread#0" [stack: 0x0000008b9ef00000,0x0000008b9f000000] [id=12796]
  0x00000224525cb000 GCTaskThread "GC Thread#1" [stack: 0x0000008b9f000000,0x0000008b9f100000] [id=15124]
  0x00000224525ce800 GCTaskThread "GC Thread#2" [stack: 0x0000008b9f100000,0x0000008b9f200000] [id=6112]
  0x00000224525cf800 GCTaskThread "GC Thread#3" [stack: 0x0000008b9f200000,0x0000008b9f300000] [id=8648]
  0x0000022452618800 ConcurrentGCThread "G1 Main Marker" [stack: 0x0000008b9f800000,0x0000008b9f900000] [id=15376]
  0x0000022452619800 ConcurrentGCThread "G1 Marker#0" [stack: 0x0000008b9f900000,0x0000008b9fa00000] [id=14328]
  0x00000224525de800 ConcurrentGCThread "G1 Refine#0" [stack: 0x0000008b9f600000,0x0000008b9f700000] [id=12764]
  0x00000224525dc000 ConcurrentGCThread "G1 Refine#1" [stack: 0x0000008b9f500000,0x0000008b9f600000] [id=11852]
  0x00000224525d7000 ConcurrentGCThread "G1 Refine#2" [stack: 0x0000008b9f400000,0x0000008b9f500000] [id=6912]
  0x00000224525d2000 ConcurrentGCThread "G1 Refine#3" [stack: 0x0000008b9f300000,0x0000008b9f400000] [id=15696]
  0x00000224525e0800 ConcurrentGCThread "G1 Young RemSet Sampling" [stack: 0x0000008b9f700000,0x0000008b9f800000] [id=9996]
  0x0000022472865000 ConcurrentGCThread "G1 StrDedup" [stack: 0x0000008b9fa00000,0x0000008b9fb00000] [id=7892]

Threads with active compile tasks:
C1 CompilerThread2 702   !   3       java.util.zip.InflaterInputStream::read (138 bytes)
C2 CompilerThread1 652   !   4       java.lang.StringCoding::decode (167 bytes)
C2 CompilerThread0 632   !   4       java.util.jar.Attributes::read (380 bytes)

VM state:not at safepoint (normal execution)

VM Mutex/Monitor currently owned by a thread: None

Heap address: 0x00000000c0000000, size: 1024 MB, Compressed Oops mode: 32-bit
Narrow klass base: 0x0000000000000000, Narrow klass shift: 3
Compressed class space size: 1073741824 Address: 0x0000000100000000

Heap:
 garbage-first heap   total 131072K, used 13312K [0x00000000c0000000, 0x00000000c0100400, 0x0000000100000000)
  region size 1024K, 14 young (14336K), 0 survivors (0K)
 Metaspace       used 9169K, capacity 9298K, committed 9600K, reserved 1058816K
  class space    used 818K, capacity 848K, committed 896K, reserved 1048576K
Heap Regions: E=young(eden), S=young(survivor), O=old, HS=humongous(starts), HC=humongous(continues), CS=collection set, F=free, A=archive, TS=gc time stamp, AC=allocation context, TAMS=top-at-mark-start (previous, next)
|   0|0x00000000c0000000, 0x00000000c0000000, 0x00000000c0100000|  0%| F|  |TS  0|AC  0|TAMS 0x00000000c0000000, 0x00000000c0000000|
|   1|0x00000000c0100000, 0x00000000c0100000, 0x00000000c0200000|  0%| F|  |TS  0|AC  0|TAMS 0x00000000c0100000, 0x00000000c0100000|
|   2|0x00000000c0200000, 0x00000000c0200000, 0x00000000c0300000|  0%| F|  |TS  0|AC  0|TAMS 0x00000000c0200000, 0x00000000c0200000|
|   3|0x00000000c0300000, 0x00000000c0300000, 0x00000000c0400000|  0%| F|  |TS  0|AC  0|TAMS 0x00000000c0300000, 0x00000000c0300000|
|   4|0x00000000c0400000, 0x00000000c0400000, 0x00000000c0500000|  0%| F|  |TS  0|AC  0|TAMS 0x00000000c0400000, 0x00000000c0400000|
|   5|0x00000000c0500000, 0x00000000c0500000, 0x00000000c0600000|  0%| F|  |TS  0|AC  0|TAMS 0x00000000c0500000, 0x00000000c0500000|
|   6|0x00000000c0600000, 0x00000000c0600000, 0x00000000c0700000|  0%| F|  |TS  0|AC  0|TAMS 0x00000000c0600000, 0x00000000c0600000|
|   7|0x00000000c0700000, 0x00000000c0700000, 0x00000000c0800000|  0%| F|  |TS  0|AC  0|TAMS 0x00000000c0700000, 0x00000000c0700000|
|   8|0x00000000c0800000, 0x00000000c0800000, 0x00000000c0900000|  0%| F|  |TS  0|AC  0|TAMS 0x00000000c0800000, 0x00000000c0800000|
|   9|0x00000000c0900000, 0x00000000c0900000, 0x00000000c0a00000|  0%| F|  |TS  0|AC  0|TAMS 0x00000000c0900000, 0x00000000c0900000|
|  10|0x00000000c0a00000, 0x00000000c0a00000, 0x00000000c0b00000|  0%| F|  |TS  0|AC  0|TAMS 0x00000000c0a00000, 0x00000000c0a00000|
|  11|0x00000000c0b00000, 0x00000000c0b00000, 0x00000000c0c00000|  0%| F|  |TS  0|AC  0|TAMS 0x00000000c0b00000, 0x00000000c0b00000|
|  12|0x00000000c0c00000, 0x00000000c0c00000, 0x00000000c0d00000|  0%| F|  |TS  0|AC  0|TAMS 0x00000000c0c00000, 0x00000000c0c00000|
|  13|0x00000000c0d00000, 0x00000000c0d00000, 0x00000000c0e00000|  0%| F|  |TS  0|AC  0|TAMS 0x00000000c0d00000, 0x00000000c0d00000|
|  14|0x00000000c0e00000, 0x00000000c0e00000, 0x00000000c0f00000|  0%| F|  |TS  0|AC  0|TAMS 0x00000000c0e00000, 0x00000000c0e00000|
|  15|0x00000000c0f00000, 0x00000000c0f00000, 0x00000000c1000000|  0%| F|  |TS  0|AC  0|TAMS 0x00000000c0f00000, 0x00000000c0f00000|
|  16|0x00000000c1000000, 0x00000000c1000000, 0x00000000c1100000|  0%| F|  |TS  0|AC  0|TAMS 0x00000000c1000000, 0x00000000c1000000|
|  17|0x00000000c1100000, 0x00000000c1100000, 0x00000000c1200000|  0%| F|  |TS  0|AC  0|TAMS 0x00000000c1100000, 0x00000000c1100000|
|  18|0x00000000c1200000, 0x00000000c1200000, 0x00000000c1300000|  0%| F|  |TS  0|AC  0|TAMS 0x00000000c1200000, 0x00000000c1200000|
|  19|0x00000000c1300000, 0x00000000c1300000, 0x00000000c1400000|  0%| F|  |TS  0|AC  0|TAMS 0x00000000c1300000, 0x00000000c1300000|
|  20|0x00000000c1400000, 0x00000000c1400000, 0x00000000c1500000|  0%| F|  |TS  0|AC  0|TAMS 0x00000000c1400000, 0x00000000c1400000|
|  21|0x00000000c1500000, 0x00000000c1500000, 0x00000000c1600000|  0%| F|  |TS  0|AC  0|TAMS 0x00000000c1500000, 0x00000000c1500000|
|  22|0x00000000c1600000, 0x00000000c1600000, 0x00000000c1700000|  0%| F|  |TS  0|AC  0|TAMS 0x00000000c1600000, 0x00000000c1600000|
|  23|0x00000000c1700000, 0x00000000c1700000, 0x00000000c1800000|  0%| F|  |TS  0|AC  0|TAMS 0x00000000c1700000, 0x00000000c1700000|
|  24|0x00000000c1800000, 0x00000000c1800000, 0x00000000c1900000|  0%| F|  |TS  0|AC  0|TAMS 0x00000000c1800000, 0x00000000c1800000|
|  25|0x00000000c1900000, 0x00000000c1900000, 0x00000000c1a00000|  0%| F|  |TS  0|AC  0|TAMS 0x00000000c1900000, 0x00000000c1900000|
|  26|0x00000000c1a00000, 0x00000000c1a00000, 0x00000000c1b00000|  0%| F|  |TS  0|AC  0|TAMS 0x00000000c1a00000, 0x00000000c1a00000|
|  27|0x00000000c1b00000, 0x00000000c1b00000, 0x00000000c1c00000|  0%| F|  |TS  0|AC  0|TAMS 0x00000000c1b00000, 0x00000000c1b00000|
|  28|0x00000000c1c00000, 0x00000000c1c00000, 0x00000000c1d00000|  0%| F|  |TS  0|AC  0|TAMS 0x00000000c1c00000, 0x00000000c1c00000|
|  29|0x00000000c1d00000, 0x00000000c1d00000, 0x00000000c1e00000|  0%| F|  |TS  0|AC  0|TAMS 0x00000000c1d00000, 0x00000000c1d00000|
|  30|0x00000000c1e00000, 0x00000000c1e00000, 0x00000000c1f00000|  0%| F|  |TS  0|AC  0|TAMS 0x00000000c1e00000, 0x00000000c1e00000|
|  31|0x00000000c1f00000, 0x00000000c1f00000, 0x00000000c2000000|  0%| F|  |TS  0|AC  0|TAMS 0x00000000c1f00000, 0x00000000c1f00000|
|  32|0x00000000c2000000, 0x00000000c2000000, 0x00000000c2100000|  0%| F|  |TS  0|AC  0|TAMS 0x00000000c2000000, 0x00000000c2000000|
|  33|0x00000000c2100000, 0x00000000c2100000, 0x00000000c2200000|  0%| F|  |TS  0|AC  0|TAMS 0x00000000c2100000, 0x00000000c2100000|
|  34|0x00000000c2200000, 0x00000000c2200000, 0x00000000c2300000|  0%| F|  |TS  0|AC  0|TAMS 0x00000000c2200000, 0x00000000c2200000|
|  35|0x00000000c2300000, 0x00000000c2300000, 0x00000000c2400000|  0%| F|  |TS  0|AC  0|TAMS 0x00000000c2300000, 0x00000000c2300000|
|  36|0x00000000c2400000, 0x00000000c2400000, 0x00000000c2500000|  0%| F|  |TS  0|AC  0|TAMS 0x00000000c2400000, 0x00000000c2400000|
|  37|0x00000000c2500000, 0x00000000c2500000, 0x00000000c2600000|  0%| F|  |TS  0|AC  0|TAMS 0x00000000c2500000, 0x00000000c2500000|
|  38|0x00000000c2600000, 0x00000000c2600000, 0x00000000c2700000|  0%| F|  |TS  0|AC  0|TAMS 0x00000000c2600000, 0x00000000c2600000|
|  39|0x00000000c2700000, 0x00000000c2700000, 0x00000000c2800000|  0%| F|  |TS  0|AC  0|TAMS 0x00000000c2700000, 0x00000000c2700000|
|  40|0x00000000c2800000, 0x00000000c2800000, 0x00000000c2900000|  0%| F|  |TS  0|AC  0|TAMS 0x00000000c2800000, 0x00000000c2800000|
|  41|0x00000000c2900000, 0x00000000c2900000, 0x00000000c2a00000|  0%| F|  |TS  0|AC  0|TAMS 0x00000000c2900000, 0x00000000c2900000|
|  42|0x00000000c2a00000, 0x00000000c2a00000, 0x00000000c2b00000|  0%| F|  |TS  0|AC  0|TAMS 0x00000000c2a00000, 0x00000000c2a00000|
|  43|0x00000000c2b00000, 0x00000000c2b00000, 0x00000000c2c00000|  0%| F|  |TS  0|AC  0|TAMS 0x00000000c2b00000, 0x00000000c2b00000|
|  44|0x00000000c2c00000, 0x00000000c2c00000, 0x00000000c2d00000|  0%| F|  |TS  0|AC  0|TAMS 0x00000000c2c00000, 0x00000000c2c00000|
|  45|0x00000000c2d00000, 0x00000000c2d00000, 0x00000000c2e00000|  0%| F|  |TS  0|AC  0|TAMS 0x00000000c2d00000, 0x00000000c2d00000|
|  46|0x00000000c2e00000, 0x00000000c2e00000, 0x00000000c2f00000|  0%| F|  |TS  0|AC  0|TAMS 0x00000000c2e00000, 0x00000000c2e00000|
|  47|0x00000000c2f00000, 0x00000000c2f00000, 0x00000000c3000000|  0%| F|  |TS  0|AC  0|TAMS 0x00000000c2f00000, 0x00000000c2f00000|
|  48|0x00000000c3000000, 0x00000000c3000000, 0x00000000c3100000|  0%| F|  |TS  0|AC  0|TAMS 0x00000000c3000000, 0x00000000c3000000|
|  49|0x00000000c3100000, 0x00000000c3100000, 0x00000000c3200000|  0%| F|  |TS  0|AC  0|TAMS 0x00000000c3100000, 0x00000000c3100000|
|  50|0x00000000c3200000, 0x00000000c3200000, 0x00000000c3300000|  0%| F|  |TS  0|AC  0|TAMS 0x00000000c3200000, 0x00000000c3200000|
|  51|0x00000000c3300000, 0x00000000c3300000, 0x00000000c3400000|  0%| F|  |TS  0|AC  0|TAMS 0x00000000c3300000, 0x00000000c3300000|
|  52|0x00000000c3400000, 0x00000000c3400000, 0x00000000c3500000|  0%| F|  |TS  0|AC  0|TAMS 0x00000000c3400000, 0x00000000c3400000|
|  53|0x00000000c3500000, 0x00000000c3500000, 0x00000000c3600000|  0%| F|  |TS  0|AC  0|TAMS 0x00000000c3500000, 0x00000000c3500000|
|  54|0x00000000c3600000, 0x00000000c3600000, 0x00000000c3700000|  0%| F|  |TS  0|AC  0|TAMS 0x00000000c3600000, 0x00000000c3600000|
|  55|0x00000000c3700000, 0x00000000c3700000, 0x00000000c3800000|  0%| F|  |TS  0|AC  0|TAMS 0x00000000c3700000, 0x00000000c3700000|
|  56|0x00000000c3800000, 0x00000000c3800000, 0x00000000c3900000|  0%| F|  |TS  0|AC  0|TAMS 0x00000000c3800000, 0x00000000c3800000|
|  57|0x00000000c3900000, 0x00000000c3900000, 0x00000000c3a00000|  0%| F|  |TS  0|AC  0|TAMS 0x00000000c3900000, 0x00000000c3900000|
|  58|0x00000000c3a00000, 0x00000000c3a00000, 0x00000000c3b00000|  0%| F|  |TS  0|AC  0|TAMS 0x00000000c3a00000, 0x00000000c3a00000|
|  59|0x00000000c3b00000, 0x00000000c3b00000, 0x00000000c3c00000|  0%| F|  |TS  0|AC  0|TAMS 0x00000000c3b00000, 0x00000000c3b00000|
|  60|0x00000000c3c00000, 0x00000000c3c00000, 0x00000000c3d00000|  0%| F|  |TS  0|AC  0|TAMS 0x00000000c3c00000, 0x00000000c3c00000|
|  61|0x00000000c3d00000, 0x00000000c3d00000, 0x00000000c3e00000|  0%| F|  |TS  0|AC  0|TAMS 0x00000000c3d00000, 0x00000000c3d00000|
|  62|0x00000000c3e00000, 0x00000000c3e00000, 0x00000000c3f00000|  0%| F|  |TS  0|AC  0|TAMS 0x00000000c3e00000, 0x00000000c3e00000|
|  63|0x00000000c3f00000, 0x00000000c3f00000, 0x00000000c4000000|  0%| F|  |TS  0|AC  0|TAMS 0x00000000c3f00000, 0x00000000c3f00000|
|  64|0x00000000c4000000, 0x00000000c4000000, 0x00000000c4100000|  0%| F|  |TS  0|AC  0|TAMS 0x00000000c4000000, 0x00000000c4000000|
|  65|0x00000000c4100000, 0x00000000c4100000, 0x00000000c4200000|  0%| F|  |TS  0|AC  0|TAMS 0x00000000c4100000, 0x00000000c4100000|
|  66|0x00000000c4200000, 0x00000000c4200000, 0x00000000c4300000|  0%| F|  |TS  0|AC  0|TAMS 0x00000000c4200000, 0x00000000c4200000|
|  67|0x00000000c4300000, 0x00000000c4300000, 0x00000000c4400000|  0%| F|  |TS  0|AC  0|TAMS 0x00000000c4300000, 0x00000000c4300000|
|  68|0x00000000c4400000, 0x00000000c4400000, 0x00000000c4500000|  0%| F|  |TS  0|AC  0|TAMS 0x00000000c4400000, 0x00000000c4400000|
|  69|0x00000000c4500000, 0x00000000c4500000, 0x00000000c4600000|  0%| F|  |TS  0|AC  0|TAMS 0x00000000c4500000, 0x00000000c4500000|
|  70|0x00000000c4600000, 0x00000000c4600000, 0x00000000c4700000|  0%| F|  |TS  0|AC  0|TAMS 0x00000000c4600000, 0x00000000c4600000|
|  71|0x00000000c4700000, 0x00000000c4700000, 0x00000000c4800000|  0%| F|  |TS  0|AC  0|TAMS 0x00000000c4700000, 0x00000000c4700000|
|  72|0x00000000c4800000, 0x00000000c4800000, 0x00000000c4900000|  0%| F|  |TS  0|AC  0|TAMS 0x00000000c4800000, 0x00000000c4800000|
|  73|0x00000000c4900000, 0x00000000c4900000, 0x00000000c4a00000|  0%| F|  |TS  0|AC  0|TAMS 0x00000000c4900000, 0x00000000c4900000|
|  74|0x00000000c4a00000, 0x00000000c4a00000, 0x00000000c4b00000|  0%| F|  |TS  0|AC  0|TAMS 0x00000000c4a00000, 0x00000000c4a00000|
|  75|0x00000000c4b00000, 0x00000000c4b00000, 0x00000000c4c00000|  0%| F|  |TS  0|AC  0|TAMS 0x00000000c4b00000, 0x00000000c4b00000|
|  76|0x00000000c4c00000, 0x00000000c4c00000, 0x00000000c4d00000|  0%| F|  |TS  0|AC  0|TAMS 0x00000000c4c00000, 0x00000000c4c00000|
|  77|0x00000000c4d00000, 0x00000000c4d00000, 0x00000000c4e00000|  0%| F|  |TS  0|AC  0|TAMS 0x00000000c4d00000, 0x00000000c4d00000|
|  78|0x00000000c4e00000, 0x00000000c4e00000, 0x00000000c4f00000|  0%| F|  |TS  0|AC  0|TAMS 0x00000000c4e00000, 0x00000000c4e00000|
|  79|0x00000000c4f00000, 0x00000000c4f00000, 0x00000000c5000000|  0%| F|  |TS  0|AC  0|TAMS 0x00000000c4f00000, 0x00000000c4f00000|
|  80|0x00000000c5000000, 0x00000000c5000000, 0x00000000c5100000|  0%| F|  |TS  0|AC  0|TAMS 0x00000000c5000000, 0x00000000c5000000|
|  81|0x00000000c5100000, 0x00000000c5100000, 0x00000000c5200000|  0%| F|  |TS  0|AC  0|TAMS 0x00000000c5100000, 0x00000000c5100000|
|  82|0x00000000c5200000, 0x00000000c5200000, 0x00000000c5300000|  0%| F|  |TS  0|AC  0|TAMS 0x00000000c5200000, 0x00000000c5200000|
|  83|0x00000000c5300000, 0x00000000c5300000, 0x00000000c5400000|  0%| F|  |TS  0|AC  0|TAMS 0x00000000c5300000, 0x00000000c5300000|
|  84|0x00000000c5400000, 0x00000000c5400000, 0x00000000c5500000|  0%| F|  |TS  0|AC  0|TAMS 0x00000000c5400000, 0x00000000c5400000|
|  85|0x00000000c5500000, 0x00000000c5500000, 0x00000000c5600000|  0%| F|  |TS  0|AC  0|TAMS 0x00000000c5500000, 0x00000000c5500000|
|  86|0x00000000c5600000, 0x00000000c5600000, 0x00000000c5700000|  0%| F|  |TS  0|AC  0|TAMS 0x00000000c5600000, 0x00000000c5600000|
|  87|0x00000000c5700000, 0x00000000c5700000, 0x00000000c5800000|  0%| F|  |TS  0|AC  0|TAMS 0x00000000c5700000, 0x00000000c5700000|
|  88|0x00000000c5800000, 0x00000000c5800000, 0x00000000c5900000|  0%| F|  |TS  0|AC  0|TAMS 0x00000000c5800000, 0x00000000c5800000|
|  89|0x00000000c5900000, 0x00000000c5900000, 0x00000000c5a00000|  0%| F|  |TS  0|AC  0|TAMS 0x00000000c5900000, 0x00000000c5900000|
|  90|0x00000000c5a00000, 0x00000000c5a00000, 0x00000000c5b00000|  0%| F|  |TS  0|AC  0|TAMS 0x00000000c5a00000, 0x00000000c5a00000|
|  91|0x00000000c5b00000, 0x00000000c5b00000, 0x00000000c5c00000|  0%| F|  |TS  0|AC  0|TAMS 0x00000000c5b00000, 0x00000000c5b00000|
|  92|0x00000000c5c00000, 0x00000000c5c00000, 0x00000000c5d00000|  0%| F|  |TS  0|AC  0|TAMS 0x00000000c5c00000, 0x00000000c5c00000|
|  93|0x00000000c5d00000, 0x00000000c5d00000, 0x00000000c5e00000|  0%| F|  |TS  0|AC  0|TAMS 0x00000000c5d00000, 0x00000000c5d00000|
|  94|0x00000000c5e00000, 0x00000000c5e00000, 0x00000000c5f00000|  0%| F|  |TS  0|AC  0|TAMS 0x00000000c5e00000, 0x00000000c5e00000|
|  95|0x00000000c5f00000, 0x00000000c5f00000, 0x00000000c6000000|  0%| F|  |TS  0|AC  0|TAMS 0x00000000c5f00000, 0x00000000c5f00000|
|  96|0x00000000c6000000, 0x00000000c6000000, 0x00000000c6100000|  0%| F|  |TS  0|AC  0|TAMS 0x00000000c6000000, 0x00000000c6000000|
|  97|0x00000000c6100000, 0x00000000c6100000, 0x00000000c6200000|  0%| F|  |TS  0|AC  0|TAMS 0x00000000c6100000, 0x00000000c6100000|
|  98|0x00000000c6200000, 0x00000000c6200000, 0x00000000c6300000|  0%| F|  |TS  0|AC  0|TAMS 0x00000000c6200000, 0x00000000c6200000|
|  99|0x00000000c6300000, 0x00000000c6300000, 0x00000000c6400000|  0%| F|  |TS  0|AC  0|TAMS 0x00000000c6300000, 0x00000000c6300000|
| 100|0x00000000c6400000, 0x00000000c6400000, 0x00000000c6500000|  0%| F|  |TS  0|AC  0|TAMS 0x00000000c6400000, 0x00000000c6400000|
| 101|0x00000000c6500000, 0x00000000c6500000, 0x00000000c6600000|  0%| F|  |TS  0|AC  0|TAMS 0x00000000c6500000, 0x00000000c6500000|
| 102|0x00000000c6600000, 0x00000000c6600000, 0x00000000c6700000|  0%| F|  |TS  0|AC  0|TAMS 0x00000000c6600000, 0x00000000c6600000|
| 103|0x00000000c6700000, 0x00000000c6700000, 0x00000000c6800000|  0%| F|  |TS  0|AC  0|TAMS 0x00000000c6700000, 0x00000000c6700000|
| 104|0x00000000c6800000, 0x00000000c6800000, 0x00000000c6900000|  0%| F|  |TS  0|AC  0|TAMS 0x00000000c6800000, 0x00000000c6800000|
| 105|0x00000000c6900000, 0x00000000c6900000, 0x00000000c6a00000|  0%| F|  |TS  0|AC  0|TAMS 0x00000000c6900000, 0x00000000c6900000|
| 106|0x00000000c6a00000, 0x00000000c6a00000, 0x00000000c6b00000|  0%| F|  |TS  0|AC  0|TAMS 0x00000000c6a00000, 0x00000000c6a00000|
| 107|0x00000000c6b00000, 0x00000000c6b00000, 0x00000000c6c00000|  0%| F|  |TS  0|AC  0|TAMS 0x00000000c6b00000, 0x00000000c6b00000|
| 108|0x00000000c6c00000, 0x00000000c6c00000, 0x00000000c6d00000|  0%| F|  |TS  0|AC  0|TAMS 0x00000000c6c00000, 0x00000000c6c00000|
| 109|0x00000000c6d00000, 0x00000000c6d00000, 0x00000000c6e00000|  0%| F|  |TS  0|AC  0|TAMS 0x00000000c6d00000, 0x00000000c6d00000|
| 110|0x00000000c6e00000, 0x00000000c6e00000, 0x00000000c6f00000|  0%| F|  |TS  0|AC  0|TAMS 0x00000000c6e00000, 0x00000000c6e00000|
| 111|0x00000000c6f00000, 0x00000000c6f00000, 0x00000000c7000000|  0%| F|  |TS  0|AC  0|TAMS 0x00000000c6f00000, 0x00000000c6f00000|
| 112|0x00000000c7000000, 0x00000000c7000000, 0x00000000c7100000|  0%| F|  |TS  0|AC  0|TAMS 0x00000000c7000000, 0x00000000c7000000|
| 113|0x00000000c7100000, 0x00000000c7100000, 0x00000000c7200000|  0%| F|  |TS  0|AC  0|TAMS 0x00000000c7100000, 0x00000000c7100000|
| 114|0x00000000c7200000, 0x00000000c72d8608, 0x00000000c7300000| 84%| E|  |TS  0|AC  0|TAMS 0x00000000c7200000, 0x00000000c7200000|
| 115|0x00000000c7300000, 0x00000000c7400000, 0x00000000c7400000|100%| E|CS|TS  0|AC  0|TAMS 0x00000000c7300000, 0x00000000c7300000|
| 116|0x00000000c7400000, 0x00000000c7500000, 0x00000000c7500000|100%| E|CS|TS  0|AC  0|TAMS 0x00000000c7400000, 0x00000000c7400000|
| 117|0x00000000c7500000, 0x00000000c7600000, 0x00000000c7600000|100%| E|CS|TS  0|AC  0|TAMS 0x00000000c7500000, 0x00000000c7500000|
| 118|0x00000000c7600000, 0x00000000c7700000, 0x00000000c7700000|100%| E|CS|TS  0|AC  0|TAMS 0x00000000c7600000, 0x00000000c7600000|
| 119|0x00000000c7700000, 0x00000000c7800000, 0x00000000c7800000|100%| E|CS|TS  0|AC  0|TAMS 0x00000000c7700000, 0x00000000c7700000|
| 120|0x00000000c7800000, 0x00000000c7900000, 0x00000000c7900000|100%| E|CS|TS  0|AC  0|TAMS 0x00000000c7800000, 0x00000000c7800000|
| 121|0x00000000c7900000, 0x00000000c7a00000, 0x00000000c7a00000|100%| E|CS|TS  0|AC  0|TAMS 0x00000000c7900000, 0x00000000c7900000|
| 122|0x00000000c7a00000, 0x00000000c7b00000, 0x00000000c7b00000|100%| E|CS|TS  0|AC  0|TAMS 0x00000000c7a00000, 0x00000000c7a00000|
| 123|0x00000000c7b00000, 0x00000000c7c00000, 0x00000000c7c00000|100%| E|CS|TS  0|AC  0|TAMS 0x00000000c7b00000, 0x00000000c7b00000|
| 124|0x00000000c7c00000, 0x00000000c7d00000, 0x00000000c7d00000|100%| E|CS|TS  0|AC  0|TAMS 0x00000000c7c00000, 0x00000000c7c00000|
| 125|0x00000000c7d00000, 0x00000000c7e00000, 0x00000000c7e00000|100%| E|CS|TS  0|AC  0|TAMS 0x00000000c7d00000, 0x00000000c7d00000|
| 126|0x00000000c7e00000, 0x00000000c7f00000, 0x00000000c7f00000|100%| E|CS|TS  0|AC  0|TAMS 0x00000000c7e00000, 0x00000000c7e00000|
| 127|0x00000000c7f00000, 0x00000000c8000000, 0x00000000c8000000|100%| E|CS|TS  0|AC  0|TAMS 0x00000000c7f00000, 0x00000000c7f00000|

Card table byte_map: [0x000002246dfa0000,0x000002246e1a0000] byte_map_base: 0x000002246d9a0000

Marking Bits (Prev, Next): (CMBitMap*) 0x0000022452617a20, (CMBitMap*) 0x0000022452617a58
 Prev Bits: [0x000002246e3a0000, 0x000002246f3a0000)
 Next Bits: [0x000002246f3a0000, 0x00000224703a0000)

Polling page: 0x0000022452530000

CodeHeap 'non-profiled nmethods': size=120064Kb used=248Kb max_used=248Kb free=119815Kb
 bounds [0x0000022466040000, 0x00000224662b0000, 0x000002246d580000]
CodeHeap 'profiled nmethods': size=120000Kb used=1115Kb max_used=1115Kb free=118884Kb
 bounds [0x000002245eb10000, 0x000002245ed80000, 0x0000022466040000]
CodeHeap 'non-nmethods': size=5696Kb used=1207Kb max_used=1221Kb free=4488Kb
 bounds [0x000002245e580000, 0x000002245e7f0000, 0x000002245eb10000]
 total_blobs=1249 nmethods=707 adapters=265
 compilation: enabled

Compilation events (10 events):
Event: 0.682 Thread 0x0000022473247800 nmethod 678 0x0000022466079210 code [0x00000224660793c0, 0x00000224660794d8]
Event: 0.684 Thread 0x0000022473247800  679       3       java.io.WinNTFileSystem::normalize (143 bytes)
Event: 0.685 Thread 0x0000022473247800 nmethod 679 0x000002245ec18290 code [0x000002245ec18520, 0x000002245ec19240]
Event: 0.688 Thread 0x0000022473243000 nmethod 635 0x0000022466079590 code [0x0000022466079760, 0x000002246607a438]
Event: 0.688 Thread 0x0000022473243000  634       4       java.lang.String::checkBoundsOffCount (61 bytes)
Event: 0.688 Thread 0x0000022473243000 nmethod 634 0x000002246607a790 code [0x000002246607a920, 0x000002246607a9b8]
Event: 0.688 Thread 0x0000022473243000  651       4       java.lang.String::<init> (55 bytes)
Event: 0.691 Thread 0x0000022473247800  680       3       java.lang.Character::toLowerCase (6 bytes)
Event: 0.691 Thread 0x0000022473247800 nmethod 680 0x000002245ec19710 code [0x000002245ec198e0, 0x000002245ec19b80]
Event: 0.692 Thread 0x0000022473247800  681       3       java.util.Properties$LineReader::readLine (585 bytes)

GC Heap History (0 events):
No events

Deoptimization events (10 events):
Event: 0.267 Thread 0x00000224525b2800 Uncommon trap: reason=class_check action=maybe_recompile pc=0x0000022466054510 method=java.util.HashMap.putVal(ILjava/lang/Object;Ljava/lang/Object;ZZ)Ljava/lang/Object; @ 56 c2
Event: 0.267 Thread 0x00000224525b2800 Uncommon trap: reason=class_check action=maybe_recompile pc=0x0000022466054510 method=java.util.HashMap.putVal(ILjava/lang/Object;Ljava/lang/Object;ZZ)Ljava/lang/Object; @ 56 c2
Event: 0.270 Thread 0x00000224525b2800 Uncommon trap: reason=unstable_if action=reinterpret pc=0x00000224660516b4 method=java.util.HashMap.getNode(ILjava/lang/Object;)Ljava/util/HashMap$Node; @ 116 c2
Event: 0.305 Thread 0x00000224525b2800 Uncommon trap: reason=unstable_if action=reinterpret pc=0x0000022466053498 method=java.util.HashMap.getNode(ILjava/lang/Object;)Ljava/util/HashMap$Node; @ 116 c2
Event: 0.311 Thread 0x00000224525b2800 Uncommon trap: reason=unstable_if action=reinterpret pc=0x0000022466057c34 method=java.util.HashMap.putVal(ILjava/lang/Object;Ljava/lang/Object;ZZ)Ljava/lang/Object; @ 81 c2
Event: 0.428 Thread 0x00000224525b2800 Uncommon trap: reason=class_check action=maybe_recompile pc=0x000002246605a650 method=java.util.HashMap.putVal(ILjava/lang/Object;Ljava/lang/Object;ZZ)Ljava/lang/Object; @ 253 c2
Event: 0.428 Thread 0x00000224525b2800 Uncommon trap: reason=class_check action=maybe_recompile pc=0x000002246605a650 method=java.util.HashMap.putVal(ILjava/lang/Object;Ljava/lang/Object;ZZ)Ljava/lang/Object; @ 253 c2
Event: 0.672 Thread 0x00000224525b2800 Uncommon trap: reason=class_check action=maybe_recompile pc=0x0000022466067904 method=java.util.HashMap.putVal(ILjava/lang/Object;Ljava/lang/Object;ZZ)Ljava/lang/Object; @ 91 c2
Event: 0.672 Thread 0x00000224525b2800 Uncommon trap: reason=class_check action=maybe_recompile pc=0x0000022466067904 method=java.util.HashMap.putVal(ILjava/lang/Object;Ljava/lang/Object;ZZ)Ljava/lang/Object; @ 91 c2
Event: 0.673 Thread 0x00000224525b2800 Uncommon trap: reason=unstable_if action=reinterpret pc=0x000002246607627c method=java.nio.Buffer.hasRemaining()Z @ 8 c2

Classes redefined (0 events):
No events

Internal exceptions (10 events):
Event: 0.404 Thread 0x00000224525b2800 Exception <a 'java/io/FileNotFoundException'{0x00000000c7b09dc0}> (0x00000000c7b09dc0) thrown at [t:/workspace/hotspot/src/share/vm/prims/jni.cpp, line 604]
Event: 0.404 Thread 0x00000224525b2800 Exception <a 'java/io/FileNotFoundException'{0x00000000c7b0abd8}> (0x00000000c7b0abd8) thrown at [t:/workspace/hotspot/src/share/vm/prims/jni.cpp, line 604]
Event: 0.413 Thread 0x00000224525b2800 Exception <a 'java/io/FileNotFoundException'{0x00000000c7b273e8}> (0x00000000c7b273e8) thrown at [t:/workspace/hotspot/src/share/vm/prims/jni.cpp, line 604]
Event: 0.433 Thread 0x00000224525b2800 Exception <a 'java/lang/NoSuchMethodError'{0x00000000c7b51468}: method resolution failed> (0x00000000c7b51468) thrown at [t:/workspace/hotspot/src/share/vm/prims/methodHandles.cpp, line 1256]
Event: 0.435 Thread 0x00000224525b2800 Exception <a 'java/lang/NoSuchMethodError'{0x00000000c7b54890}: java.lang.invoke.DirectMethodHandle$Holder.invokeStaticInit(Ljava/lang/Object;IIII)Ljava/lang/Object;> (0x00000000c7b54890) thrown at [t:/workspace/hotspot/src/share/vm/interpreter/linkResolv
Event: 0.583 Thread 0x00000224525b2800 Exception <a 'java/lang/NoSuchMethodError'{0x00000000c7bf5a28}: method resolution failed> (0x00000000c7bf5a28) thrown at [t:/workspace/hotspot/src/share/vm/prims/methodHandles.cpp, line 1256]
Event: 0.583 Thread 0x00000224525b2800 Exception <a 'java/lang/NoSuchMethodError'{0x00000000c7bf90b8}: java.lang.invoke.DirectMethodHandle$Holder.invokeStaticInit(Ljava/lang/Object;Ljava/lang/Object;IIII)Ljava/lang/Object;> (0x00000000c7bf90b8) thrown at [t:/workspace/hotspot/src/share/vm/inte
Event: 0.684 Thread 0x00000224525b2800 Exception <a 'java/lang/ClassNotFoundException'{0x00000000c7209d50}: sun/net/www/protocol/c/Handler> (0x00000000c7209d50) thrown at [t:/workspace/hotspot/src/share/vm/classfile/systemDictionary.cpp, line 218]
Event: 0.684 Thread 0x00000224525b2800 Exception <a 'java/lang/ClassNotFoundException'{0x00000000c720b138}: sun/net/www/protocol/c/Handler> (0x00000000c720b138) thrown at [t:/workspace/hotspot/src/share/vm/classfile/systemDictionary.cpp, line 218]
Event: 0.685 Thread 0x00000224525b2800 Exception <a 'java/lang/ClassNotFoundException'{0x00000000c720c330}: sun/net/www/protocol/c/Handler> (0x00000000c720c330) thrown at [t:/workspace/hotspot/src/share/vm/classfile/systemDictionary.cpp, line 218]

Events (10 events):
Event: 0.681 loading class org/eclipse/osgi/service/datalocation/Location
Event: 0.681 loading class org/eclipse/osgi/service/datalocation/Location done
Event: 0.684 loading class sun/net/www/protocol/c/Handler
Event: 0.684 loading class sun/net/www/protocol/c/Handler done
Event: 0.684 loading class sun/net/www/protocol/c/Handler
Event: 0.684 loading class sun/net/www/protocol/c/Handler done
Event: 0.685 loading class sun/net/www/protocol/c/Handler
Event: 0.685 loading class sun/net/www/protocol/c/Handler done
Event: 0.688 loading class org/eclipse/osgi/storage/StorageUtil
Event: 0.688 loading class org/eclipse/osgi/storage/StorageUtil done


Dynamic libraries:
0x00007ff6fa140000 - 0x00007ff6fa17e000 	C:\Program Files\Java\jdk-9.0.1\bin\java.exe
0x00007ffb87850000 - 0x00007ffb87a31000 	C:\Windows\SYSTEM32\ntdll.dll
0x00007ffb84fb0000 - 0x00007ffb85061000 	C:\Windows\System32\KERNEL32.DLL
0x00007ffb840b0000 - 0x00007ffb84323000 	C:\Windows\System32\KERNELBASE.dll
0x00007ffb85540000 - 0x00007ffb855e1000 	C:\Windows\System32\ADVAPI32.dll
0x00007ffb87120000 - 0x00007ffb871be000 	C:\Windows\System32\msvcrt.dll
0x00007ffb877c0000 - 0x00007ffb8781b000 	C:\Windows\System32\sechost.dll
0x00007ffb86ff0000 - 0x00007ffb87114000 	C:\Windows\System32\RPCRT4.dll
0x00007ffb859f0000 - 0x00007ffb85b80000 	C:\Windows\System32\USER32.dll
0x00007ffb83c20000 - 0x00007ffb83c40000 	C:\Windows\System32\win32u.dll
0x00007ffb84d80000 - 0x00007ffb84da8000 	C:\Windows\System32\GDI32.dll
0x00007ffb84a40000 - 0x00007ffb84bd2000 	C:\Windows\System32\gdi32full.dll
0x00007ffb83dc0000 - 0x00007ffb83e5f000 	C:\Windows\System32\msvcp_win.dll
0x00007ffb83cc0000 - 0x00007ffb83db8000 	C:\Windows\System32\ucrtbase.dll
0x00007ffb79190000 - 0x00007ffb793f9000 	C:\Windows\WinSxS\amd64_microsoft.windows.common-controls_6595b64144ccf1df_6.0.17134.765_none_fb42a1a930655896\COMCTL32.dll
0x00007ffb85210000 - 0x00007ffb85532000 	C:\Windows\System32\combase.dll
0x00007ffb7be60000 - 0x00007ffb7be6a000 	C:\Windows\SYSTEM32\VERSION.dll
0x00007ffb83c40000 - 0x00007ffb83cba000 	C:\Windows\System32\bcryptPrimitives.dll
0x00007ffb86fc0000 - 0x00007ffb86fed000 	C:\Windows\System32\IMM32.DLL
0x00007ffb57e70000 - 0x00007ffb57f5f000 	C:\Program Files\Java\jdk-9.0.1\bin\msvcr120.dll
0x00007ffb69400000 - 0x00007ffb694a6000 	C:\Program Files\Java\jdk-9.0.1\bin\msvcp120.dll
0x000000006df50000 - 0x000000006e974000 	C:\Program Files\Java\jdk-9.0.1\bin\server\jvm.dll
0x00007ffb87670000 - 0x00007ffb87678000 	C:\Windows\System32\PSAPI.DLL
0x00007ffb82760000 - 0x00007ffb82769000 	C:\Windows\SYSTEM32\WSOCK32.dll
0x00007ffb87750000 - 0x00007ffb877bc000 	C:\Windows\System32\WS2_32.dll
0x00007ffb7e720000 - 0x00007ffb7e743000 	C:\Windows\SYSTEM32\WINMM.dll
0x00007ffb7e6b0000 - 0x00007ffb7e6da000 	C:\Windows\SYSTEM32\WINMMBASE.dll
0x00007ffb84be0000 - 0x00007ffb84c29000 	C:\Windows\System32\cfgmgr32.dll
0x00007ffb7f8b0000 - 0x00007ffb7f8bf000 	C:\Program Files\Java\jdk-9.0.1\bin\verify.dll
0x00007ffb6dd10000 - 0x00007ffb6dd37000 	C:\Program Files\Java\jdk-9.0.1\bin\java.dll
0x00007ffb6d960000 - 0x00007ffb6d976000 	C:\Program Files\Java\jdk-9.0.1\bin\zip.dll
0x00007ffb7edc0000 - 0x00007ffb7edca000 	C:\Program Files\Java\jdk-9.0.1\bin\jimage.dll
0x00007ffb85b80000 - 0x00007ffb86fc0000 	C:\Windows\System32\SHELL32.dll
0x00007ffb84dc0000 - 0x00007ffb84e69000 	C:\Windows\System32\shcore.dll
0x00007ffb84330000 - 0x00007ffb84a3d000 	C:\Windows\System32\windows.storage.dll
0x00007ffb84e70000 - 0x00007ffb84ec1000 	C:\Windows\System32\shlwapi.dll
0x00007ffb83b70000 - 0x00007ffb83b81000 	C:\Windows\System32\kernel.appcore.dll
0x00007ffb83bb0000 - 0x00007ffb83bcf000 	C:\Windows\System32\profapi.dll
0x00007ffb83bd0000 - 0x00007ffb83c1c000 	C:\Windows\System32\powrprof.dll
0x00007ffb83b60000 - 0x00007ffb83b6a000 	C:\Windows\System32\FLTLIB.DLL
0x00007ffb6d900000 - 0x00007ffb6d91a000 	C:\Program Files\Java\jdk-9.0.1\bin\net.dll
0x00007ffb78810000 - 0x00007ffb788ed000 	C:\Windows\SYSTEM32\WINHTTP.dll
0x00007ffb833e0000 - 0x00007ffb83446000 	C:\Windows\system32\mswsock.dll
0x00007ffb6c0f0000 - 0x00007ffb6c101000 	C:\Program Files\Java\jdk-9.0.1\bin\nio.dll
0x00007ffb835a0000 - 0x00007ffb835b7000 	C:\Windows\SYSTEM32\CRYPTSP.dll
0x00007ffb82fc0000 - 0x00007ffb82ff3000 	C:\Windows\system32\rsaenh.dll
0x00007ffb836c0000 - 0x00007ffb836e5000 	C:\Windows\SYSTEM32\bcrypt.dll
0x00007ffb83a60000 - 0x00007ffb83a88000 	C:\Windows\SYSTEM32\USERENV.dll
0x00007ffb83590000 - 0x00007ffb8359b000 	C:\Windows\SYSTEM32\CRYPTBASE.dll
0x00007ffb83160000 - 0x00007ffb83198000 	C:\Windows\SYSTEM32\IPHLPAPI.DLL
0x00007ffb84db0000 - 0x00007ffb84db8000 	C:\Windows\System32\NSI.dll
0x00007ffb7d5a0000 - 0x00007ffb7d5b6000 	C:\Windows\SYSTEM32\dhcpcsvc6.DLL
0x00007ffb7dcd0000 - 0x00007ffb7dcea000 	C:\Windows\SYSTEM32\dhcpcsvc.DLL
0x00007ffb82570000 - 0x00007ffb82739000 	C:\Windows\SYSTEM32\dbghelp.dll

VM Arguments:
jvm_args: --add-modules=ALL-SYSTEM --add-opens=java.base/java.util=ALL-UNNAMED --add-opens=java.base/java.lang=ALL-UNNAMED -Declipse.application=org.eclipse.jdt.ls.core.id1 -Dosgi.bundles.defaultStartLevel=4 -Declipse.product=org.eclipse.jdt.ls.core.product -Dfile.encoding=utf8 -DwatchParentProcess=false -Xverify:none -Xmx1G -XX:+UseG1GC -XX:+UseStringDeduplication 
java_command: C:\Users\Alya Isti Safira\.vscode\extensions\redhat.java-0.45.0\server\plugins\org.eclipse.equinox.launcher_1.5.400.v20190514-1658.jar -configuration C:\Users\Alya Isti Safira\.vscode\extensions\redhat.java-0.45.0\server\config_win -data c:\Users\Alya Isti Safira\AppData\Roaming\Code\User\workspaceStorage\f3e2dfb50de10191ed6fd80b42cb278c\redhat.java\jdt_ws
java_class_path (initial): C:\Users\Alya Isti Safira\.vscode\extensions\redhat.java-0.45.0\server\plugins\org.eclipse.equinox.launcher_1.5.400.v20190514-1658.jar
Launcher Type: SUN_STANDARD

Logging:
Log output configuration:
#0: stdout all=warning uptime,level,tags
#1: stderr all=off uptime,level,tags

Environment Variables:
JAVA_HOME=C:\Program Files\Java\jdk-9.0.1
PATH=C:\Program Files (x86)\Google\Chrome\Application;C:\Program Files\PostgreSQL\11\bin;C:\Windows;C:\Windows\System32\Wbem;C:\Windows\System32\WindowsPowerShell\v1.0\;C:\Windows\System32\OpenSSH\;C:\Program Files\Java\jdk-9.0.1\bin;C:\Program Files\Java\jre-9.0.1\bin;C:\Program Files\PuTTY\;C:\Program Files\Git\cmd\;C:\Program Files\Git\bin\;C:\Users\Alya Isti Safira\AppData\Local\Programs\Python\Python37-32\python.exe;C:\Users\Alya Isti Safira\AppData\Local\Microsoft\WindowsApps;C:\Users\Alya Isti Safira\AppData\Local\Programs\Microsoft VS Code\bin;C:\Program Files\JetBrains\IntelliJ IDEA 2018.3.2\bin;;C:\Users\Alya Isti Safira\AppData\Local\Programs\Python\Python37-32\python.exe\;C:\Users\Alya Isti Safira\AppData\Local\Programs\Python\Python37-32\Scripts\;C:\Users\Alya Isti Safira\AppData\Local\Programs\Python\Python37-32\;
USERNAME=Alya Isti Safira
OS=Windows_NT
PROCESSOR_IDENTIFIER=Intel64 Family 6 Model 142 Stepping 9, GenuineIntel



---------------  S Y S T E M  ---------------

OS: Windows 10 , 64 bit Build 17134 (10.0.17134.753)

CPU:total 4 (initial active 4) (2 cores per cpu, 2 threads per core) family 6 model 142 stepping 9, cmov, cx8, fxsr, mmx, sse, sse2, sse3, ssse3, sse4.1, sse4.2, popcnt, avx, avx2, aes, clmul, erms, 3dnowpref, lzcnt, ht, tsc, tscinvbit, bmi1, bmi2, adx, fma

Memory: 4k page, physical 8266268k(1555252k free), swap 11338268k(4188k free)

vm_info: Java HotSpot(TM) 64-Bit Server VM (9.0.1+11) for windows-amd64 JRE (9.0.1+11), built on Sep 28 2017 04:54:03 by "mach5one" with MS VC++ 12.0 (VS2013)

END.
